[07-Jul-2022 11:41:24 UTC] PHP Fatal error:  Cannot redeclare wp_readonly() (previously declared in C:\Users\dell\Local Sites\university\app\public\wp-includes\general-template.php:4867) in C:\Users\dell\Local Sites\university\app\public\wp-includes\php-compat\readonly.php on line 34
[07-Jul-2022 11:41:24 UTC] PHP Stack trace:
[07-Jul-2022 11:41:24 UTC] PHP   1. {main}() C:\Users\dell\AppData\Local\Programs\Local\resources\extraResources\bin\wp-cli\wp-cli.phar:0
[07-Jul-2022 11:41:24 UTC] PHP   2. include() C:\Users\dell\AppData\Local\Programs\Local\resources\extraResources\bin\wp-cli\wp-cli.phar:4
[07-Jul-2022 11:41:24 UTC] PHP   3. include() phar://C:/Users/dell/AppData/Local/Programs/Local/resources/extraResources/bin/wp-cli/wp-cli.phar/php/boot-phar.php:11
[07-Jul-2022 11:41:24 UTC] PHP   4. WP_CLI\bootstrap() phar://C:/Users/dell/AppData/Local/Programs/Local/resources/extraResources/bin/wp-cli/wp-cli.phar/vendor/wp-cli/wp-cli/php/wp-cli.php:27
[07-Jul-2022 11:41:24 UTC] PHP   5. WP_CLI\Bootstrap\LaunchRunner->process() phar://C:/Users/dell/AppData/Local/Programs/Local/resources/extraResources/bin/wp-cli/wp-cli.phar/vendor/wp-cli/wp-cli/php/bootstrap.php:78
[07-Jul-2022 11:41:24 UTC] PHP   6. WP_CLI\Runner->start() phar://C:/Users/dell/AppData/Local/Programs/Local/resources/extraResources/bin/wp-cli/wp-cli.phar/vendor/wp-cli/wp-cli/php/WP_CLI/Bootstrap/LaunchRunner.php:28
[07-Jul-2022 11:41:24 UTC] PHP   7. WP_CLI\Runner->load_wordpress() phar://C:/Users/dell/AppData/Local/Programs/Local/resources/extraResources/bin/wp-cli/wp-cli.phar/vendor/wp-cli/wp-cli/php/WP_CLI/Runner.php:1235
[07-Jul-2022 11:41:24 UTC] PHP   8. require() phar://C:/Users/dell/AppData/Local/Programs/Local/resources/extraResources/bin/wp-cli/wp-cli.phar/vendor/wp-cli/wp-cli/php/WP_CLI/Runner.php:1317
[07-Jul-2022 11:41:24 UTC] PHP   9. require() C:\Users\dell\Local Sites\university\app\public\wp-settings.php:190
[07-Jul-2022 11:41:35 UTC] PHP Fatal error:  Cannot redeclare wp_readonly() (previously declared in C:\Users\dell\Local Sites\university\app\public\wp-includes\general-template.php:4867) in C:\Users\dell\Local Sites\university\app\public\wp-includes\php-compat\readonly.php on line 34
[07-Jul-2022 11:41:35 UTC] PHP Stack trace:
[07-Jul-2022 11:41:35 UTC] PHP   1. {main}() C:\Users\dell\Local Sites\university\app\public\index.php:0
[07-Jul-2022 11:41:35 UTC] PHP   2. require() C:\Users\dell\Local Sites\university\app\public\index.php:17
[07-Jul-2022 11:41:35 UTC] PHP   3. require_once() C:\Users\dell\Local Sites\university\app\public\wp-blog-header.php:13
[07-Jul-2022 11:41:35 UTC] PHP   4. require_once() C:\Users\dell\Local Sites\university\app\public\wp-load.php:50
[07-Jul-2022 11:41:35 UTC] PHP   5. require_once() C:\Users\dell\Local Sites\university\app\public\wp-config.php:91
[07-Jul-2022 11:41:35 UTC] PHP   6. require() C:\Users\dell\Local Sites\university\app\public\wp-settings.php:190
[08-Jul-2022 10:55:57 UTC] PHP Parse error:  syntax error, unexpected '?' in C:\Users\dell\Local Sites\university\app\public\wp-content\themes\fictional-university-theme\page.php on line 31
[08-Jul-2022 11:27:28 UTC] PHP Fatal error:  Uncaught Error: Call to undefined function child() in C:\Users\dell\Local Sites\university\app\public\wp-content\themes\fictional-university-theme\page.php:52
Stack trace:
#0 C:\Users\dell\Local Sites\university\app\public\wp-includes\template-loader.php(106): include()
#1 C:\Users\dell\Local Sites\university\app\public\wp-blog-header.php(19): require_once('C:\\Users\\dell\\L...')
#2 C:\Users\dell\Local Sites\university\app\public\index.php(17): require('C:\\Users\\dell\\L...')
#3 {main}
  thrown in C:\Users\dell\Local Sites\university\app\public\wp-content\themes\fictional-university-theme\page.php on line 52
[08-Jul-2022 11:27:45 UTC] PHP Parse error:  syntax error, unexpected ')' in C:\Users\dell\Local Sites\university\app\public\wp-content\themes\fictional-university-theme\page.php on line 52
[08-Jul-2022 11:34:12 UTC] PHP Fatal error:  Uncaught ArgumentCountError: Too few arguments to function get_page_children(), 1 passed in C:\Users\dell\Local Sites\university\app\public\wp-content\themes\fictional-university-theme\page.php on line 52 and exactly 2 expected in C:\Users\dell\Local Sites\university\app\public\wp-includes\post.php:5781
Stack trace:
#0 C:\Users\dell\Local Sites\university\app\public\wp-content\themes\fictional-university-theme\page.php(52): get_page_children(12)
#1 C:\Users\dell\Local Sites\university\app\public\wp-includes\template-loader.php(106): include('C:\\Users\\dell\\L...')
#2 C:\Users\dell\Local Sites\university\app\public\wp-blog-header.php(19): require_once('C:\\Users\\dell\\L...')
#3 C:\Users\dell\Local Sites\university\app\public\index.php(17): require('C:\\Users\\dell\\L...')
#4 {main}
  thrown in C:\Users\dell\Local Sites\university\app\public\wp-includes\post.php on line 5781
[08-Jul-2022 11:34:56 UTC] PHP Warning:  Use of undefined constant the_post - assumed 'the_post' (this will throw an Error in a future version of PHP) in C:\Users\dell\Local Sites\university\app\public\wp-content\themes\fictional-university-theme\page.php on line 52
[08-Jul-2022 11:34:56 UTC] PHP Stack trace:
[08-Jul-2022 11:34:56 UTC] PHP   1. {main}() C:\Users\dell\Local Sites\university\app\public\index.php:0
[08-Jul-2022 11:34:56 UTC] PHP   2. require() C:\Users\dell\Local Sites\university\app\public\index.php:17
[08-Jul-2022 11:34:56 UTC] PHP   3. require_once() C:\Users\dell\Local Sites\university\app\public\wp-blog-header.php:19
[08-Jul-2022 11:34:56 UTC] PHP   4. include() C:\Users\dell\Local Sites\university\app\public\wp-includes\template-loader.php:106
[08-Jul-2022 11:43:24 UTC] PHP Parse error:  syntax error, unexpected ')' in C:\Users\dell\Local Sites\university\app\public\wp-content\themes\fictional-university-theme\page.php on line 52
[12-Jul-2022 07:47:16 UTC] PHP Parse error:  syntax error, unexpected ')' in C:\Users\dell\Local Sites\university\app\public\wp-content\themes\fictional-university-theme\functions.php on line 35
[12-Jul-2022 09:42:10 UTC] PHP Fatal error:  Uncaught ArgumentCountError: Too few arguments to function WP_Query::set(), 0 passed in C:\Users\dell\Local Sites\university\app\public\wp-content\themes\fictional-university-theme\functions.php on line 29 and exactly 2 expected in C:\Users\dell\Local Sites\university\app\public\wp-includes\class-wp-query.php:1773
Stack trace:
#0 C:\Users\dell\Local Sites\university\app\public\wp-content\themes\fictional-university-theme\functions.php(29): WP_Query->set()
#1 C:\Users\dell\Local Sites\university\app\public\wp-includes\class-wp-hook.php(307): university_adjust_queries(Object(WP_Query))
#2 C:\Users\dell\Local Sites\university\app\public\wp-includes\class-wp-hook.php(331): WP_Hook->apply_filters('', Array)
#3 C:\Users\dell\Local Sites\university\app\public\wp-includes\plugin.php(524): WP_Hook->do_action(Array)
#4 C:\Users\dell\Local Sites\university\app\public\wp-includes\class-wp-query.php(1805): do_action_ref_array('pre_get_posts', Array)
#5 C:\Users\dell\Local Sites\university\app\public\wp-includes\class-wp-q in C:\Users\dell\Local Sites\university\app\public\wp-includes\class-wp-query.php on line 1773
[12-Jul-2022 10:51:41 UTC] PHP Fatal error:  Uncaught Error: Call to undefined function dd() in C:\Users\dell\Local Sites\university\app\public\wp-content\themes\fictional-university-theme\single-event.php:45
Stack trace:
#0 C:\Users\dell\Local Sites\university\app\public\wp-includes\template-loader.php(106): include()
#1 C:\Users\dell\Local Sites\university\app\public\wp-blog-header.php(19): require_once('C:\\Users\\dell\\L...')
#2 C:\Users\dell\Local Sites\university\app\public\index.php(17): require('C:\\Users\\dell\\L...')
#3 {main}
  thrown in C:\Users\dell\Local Sites\university\app\public\wp-content\themes\fictional-university-theme\single-event.php on line 45
[12-Jul-2022 10:55:34 UTC] PHP Fatal error:  Uncaught Error: Call to undefined method WP_Post::the_title() in C:\Users\dell\Local Sites\university\app\public\wp-content\themes\fictional-university-theme\single-event.php:48
Stack trace:
#0 C:\Users\dell\Local Sites\university\app\public\wp-includes\template-loader.php(106): include()
#1 C:\Users\dell\Local Sites\university\app\public\wp-blog-header.php(19): require_once('C:\\Users\\dell\\L...')
#2 C:\Users\dell\Local Sites\university\app\public\index.php(17): require('C:\\Users\\dell\\L...')
#3 {main}
  thrown in C:\Users\dell\Local Sites\university\app\public\wp-content\themes\fictional-university-theme\single-event.php on line 48
[12-Jul-2022 11:26:16 UTC] PHP Warning:  Invalid argument supplied for foreach() in C:\Users\dell\Local Sites\university\app\public\wp-content\themes\fictional-university-theme\single-event.php on line 58
[12-Jul-2022 11:26:16 UTC] PHP Stack trace:
[12-Jul-2022 11:26:16 UTC] PHP   1. {main}() C:\Users\dell\Local Sites\university\app\public\index.php:0
[12-Jul-2022 11:26:16 UTC] PHP   2. require() C:\Users\dell\Local Sites\university\app\public\index.php:17
[12-Jul-2022 11:26:16 UTC] PHP   3. require_once() C:\Users\dell\Local Sites\university\app\public\wp-blog-header.php:19
[12-Jul-2022 11:26:16 UTC] PHP   4. include() C:\Users\dell\Local Sites\university\app\public\wp-includes\template-loader.php:106
[12-Jul-2022 11:26:21 UTC] PHP Warning:  Invalid argument supplied for foreach() in C:\Users\dell\Local Sites\university\app\public\wp-content\themes\fictional-university-theme\single-event.php on line 58
[12-Jul-2022 11:26:21 UTC] PHP Stack trace:
[12-Jul-2022 11:26:21 UTC] PHP   1. {main}() C:\Users\dell\Local Sites\university\app\public\index.php:0
[12-Jul-2022 11:26:21 UTC] PHP   2. require() C:\Users\dell\Local Sites\university\app\public\index.php:17
[12-Jul-2022 11:26:21 UTC] PHP   3. require_once() C:\Users\dell\Local Sites\university\app\public\wp-blog-header.php:19
[12-Jul-2022 11:26:21 UTC] PHP   4. include() C:\Users\dell\Local Sites\university\app\public\wp-includes\template-loader.php:106
[13-Jul-2022 09:44:22 UTC] PHP Parse error:  syntax error, unexpected ')' in C:\Users\dell\Local Sites\university\app\public\wp-content\themes\fictional-university-theme\functions.php on line 5
[13-Jul-2022 09:44:24 UTC] PHP Parse error:  syntax error, unexpected ')' in C:\Users\dell\Local Sites\university\app\public\wp-content\themes\fictional-university-theme\functions.php on line 5
[13-Jul-2022 09:46:24 UTC] PHP Fatal error:  Uncaught ArgumentCountError: Too few arguments to function pageBanner(), 0 passed in C:\Users\dell\Local Sites\university\app\public\wp-content\themes\fictional-university-theme\single-professor.php on line 9 and exactly 1 expected in C:\Users\dell\Local Sites\university\app\public\wp-content\themes\fictional-university-theme\functions.php:4
Stack trace:
#0 C:\Users\dell\Local Sites\university\app\public\wp-content\themes\fictional-university-theme\single-professor.php(9): pageBanner()
#1 C:\Users\dell\Local Sites\university\app\public\wp-includes\template-loader.php(106): include('C:\\Users\\dell\\L...')
#2 C:\Users\dell\Local Sites\university\app\public\wp-blog-header.php(19): require_once('C:\\Users\\dell\\L...')
#3 C:\Users\dell\Local Sites\university\app\public\index.php(17): require('C:\\Users\\dell\\L...')
#4 {main}
  thrown in C:\Users\dell\Local Sites\university\app\public\wp-content\themes\fictional-university-theme\functions.php on line 4
[13-Jul-2022 10:42:48 UTC] PHP Parse error:  syntax error, unexpected end of file in C:\Users\dell\Local Sites\university\app\public\wp-content\themes\fictional-university-theme\archive-event.php on line 51
[13-Jul-2022 12:44:25 UTC] PHP Parse error:  syntax error, unexpected end of file in C:\Users\dell\Local Sites\university\app\public\wp-content\themes\fictional-university-theme\single-campus.php on line 41
[13-Jul-2022 12:48:26 UTC] PHP Fatal error:  Uncaught Error: Call to a member function have_posts() on null in C:\Users\dell\Local Sites\university\app\public\wp-content\themes\fictional-university-theme\single-campus.php:49
Stack trace:
#0 C:\Users\dell\Local Sites\university\app\public\wp-includes\template-loader.php(106): include()
#1 C:\Users\dell\Local Sites\university\app\public\wp-blog-header.php(19): require_once('C:\\Users\\dell\\L...')
#2 C:\Users\dell\Local Sites\university\app\public\index.php(17): require('C:\\Users\\dell\\L...')
#3 {main}
  thrown in C:\Users\dell\Local Sites\university\app\public\wp-content\themes\fictional-university-theme\single-campus.php on line 49
[13-Jul-2022 12:53:07 UTC] PHP Parse error:  syntax error, unexpected end of file in C:\Users\dell\Local Sites\university\app\public\wp-content\themes\fictional-university-theme\single-campus.php on line 80
[13-Jul-2022 12:56:38 UTC] PHP Fatal error:  Uncaught Error: Call to a member function have_posts() on array in C:\Users\dell\Local Sites\university\app\public\wp-content\themes\fictional-university-theme\single-program.php:111
Stack trace:
#0 C:\Users\dell\Local Sites\university\app\public\wp-includes\template-loader.php(106): include()
#1 C:\Users\dell\Local Sites\university\app\public\wp-blog-header.php(19): require_once('C:\\Users\\dell\\L...')
#2 C:\Users\dell\Local Sites\university\app\public\index.php(17): require('C:\\Users\\dell\\L...')
#3 {main}
  thrown in C:\Users\dell\Local Sites\university\app\public\wp-content\themes\fictional-university-theme\single-program.php on line 111
